# JRE version: OpenJDK Runtime Environment Temurin-21.0.10+7 (21.0.10+7) (build 21.0.10+7-LTS)
# Java VM: OpenJDK 64-Bit Server VM Temurin-21.0.10+7 (21.0.10+7-LTS, mixed mode, sharing, tiered, compressed oops, compressed class ptrs, parallel gc, windows-amd64)
GC Precious Log:
 CardTable entry size: 512
 CPUs: 12 total, 12 available
 Memory: 23981M
 Large Page Support: Disabled
 NUMA Support: Disabled
 Compressed Oops: Enabled (32-bit)
 Alignments: Space 512K, Generation 512K, Heap 2M
 Heap Min Capacity: 100M
 Heap Initial Capacity: 100M
 Heap Max Capacity: 2G
 Pre-touch: Disabled
 Parallel Workers: 10
Heap:
 PSYoungGen      total 18944K, used 6315K [0x00000000d5580000, 0x00000000d6b80000, 0x0000000100000000)
  eden space 18432K, 31% used [0x00000000d5580000,0x00000000d5b2f408,0x00000000d6780000)
  from space 512K, 96% used [0x00000000d6b00000,0x00000000d6b7b9c0,0x00000000d6b80000)
  to   space 1024K, 0% used [0x00000000d6980000,0x00000000d6980000,0x00000000d6a80000)
 ParOldGen       total 68608K, used 52805K [0x0000000080000000, 0x0000000084300000, 0x00000000d5580000)
  object space 68608K, 76% used [0x0000000080000000,0x0000000083391680,0x0000000084300000)
 Metaspace       used 69548K, committed 70976K, reserved 1114112K
  class space    used 7318K, committed 7936K, reserved 1048576K
GC Heap History (20 events):
Event: 62.943 GC heap before
{Heap before GC invocations=44 (full 3):
 PSYoungGen      total 20480K, used 20225K [0x00000000d5580000, 0x00000000d6c80000, 0x0000000100000000)
  eden space 18432K, 100% used [0x00000000d5580000,0x00000000d6780000,0x00000000d6780000)
  from space 2048K, 87% used [0x00000000d6a80000,0x00000000d6c404d8,0x00000000d6c80000)
  to   space 2560K, 0% used [0x00000000d6780000,0x00000000d6780000,0x00000000d6a00000)
 ParOldGen       total 68608K, used 46480K [0x0000000080000000, 0x0000000084300000, 0x00000000d5580000)
  object space 68608K, 67% used [0x0000000080000000,0x0000000082d64250,0x0000000084300000)
 Metaspace       used 67314K, committed 68800K, reserved 1114112K
  class space    used 7244K, committed 7872K, reserved 1048576K
}
Event: 62.947 GC heap after
{Heap after GC invocations=44 (full 3):
 PSYoungGen      total 20480K, used 1546K [0x00000000d5580000, 0x00000000d6b80000, 0x0000000100000000)
  eden space 18432K, 0% used [0x00000000d5580000,0x00000000d5580000,0x00000000d6780000)
  from space 2048K, 75% used [0x00000000d6780000,0x00000000d6902ab0,0x00000000d6980000)
  to   space 2048K, 0% used [0x00000000d6980000,0x00000000d6980000,0x00000000d6b80000)
 ParOldGen       total 68608K, used 46979K [0x0000000080000000, 0x0000000084300000, 0x00000000d5580000)
  object space 68608K, 68% used [0x0000000080000000,0x0000000082de0df0,0x0000000084300000)
 Metaspace       used 67314K, committed 68800K, reserved 1114112K
  class space    used 7244K, committed 7872K, reserved 1048576K
}
Event: 63.363 GC heap before
{Heap before GC invocations=45 (full 3):
 PSYoungGen      total 20480K, used 19978K [0x00000000d5580000, 0x00000000d6b80000, 0x0000000100000000)
  eden space 18432K, 100% used [0x00000000d5580000,0x00000000d6780000,0x00000000d6780000)
  from space 2048K, 75% used [0x00000000d6780000,0x00000000d6902ab0,0x00000000d6980000)
  to   space 2048K, 0% used [0x00000000d6980000,0x00000000d6980000,0x00000000d6b80000)
 ParOldGen       total 68608K, used 46979K [0x0000000080000000, 0x0000000084300000, 0x00000000d5580000)
  object space 68608K, 68% used [0x0000000080000000,0x0000000082de0df0,0x0000000084300000)
 Metaspace       used 67819K, committed 69248K, reserved 1114112K
  class space    used 7257K, committed 7872K, reserved 1048576K
}
Event: 63.366 GC heap after
{Heap after GC invocations=45 (full 3):
 PSYoungGen      total 19968K, used 1490K [0x00000000d5580000, 0x00000000d6b00000, 0x0000000100000000)
  eden space 18432K, 0% used [0x00000000d5580000,0x00000000d5580000,0x00000000d6780000)
  from space 1536K, 97% used [0x00000000d6980000,0x00000000d6af4920,0x00000000d6b00000)
  to   space 1536K, 0% used [0x00000000d6800000,0x00000000d6800000,0x00000000d6980000)
 ParOldGen       total 68608K, used 47612K [0x0000000080000000, 0x0000000084300000, 0x00000000d5580000)
  object space 68608K, 69% used [0x0000000080000000,0x0000000082e7f068,0x0000000084300000)
 Metaspace       used 67819K, committed 69248K, reserved 1114112K
  class space    used 7257K, committed 7872K, reserved 1048576K
}
Event: 63.720 GC heap before
{Heap before GC invocations=46 (full 3):
 PSYoungGen      total 19968K, used 19922K [0x00000000d5580000, 0x00000000d6b00000, 0x0000000100000000)
  eden space 18432K, 100% used [0x00000000d5580000,0x00000000d6780000,0x00000000d6780000)
  from space 1536K, 97% used [0x00000000d6980000,0x00000000d6af4920,0x00000000d6b00000)
  to   space 1536K, 0% used [0x00000000d6800000,0x00000000d6800000,0x00000000d6980000)
 ParOldGen       total 68608K, used 47612K [0x0000000080000000, 0x0000000084300000, 0x00000000d5580000)
  object space 68608K, 69% used [0x0000000080000000,0x0000000082e7f068,0x0000000084300000)
 Metaspace       used 68156K, committed 69632K, reserved 1114112K
  class space    used 7268K, committed 7872K, reserved 1048576K
}
Event: 63.723 GC heap after
{Heap after GC invocations=46 (full 3):
 PSYoungGen      total 19968K, used 1504K [0x00000000d5580000, 0x00000000d7080000, 0x0000000100000000)
  eden space 18432K, 0% used [0x00000000d5580000,0x00000000d5580000,0x00000000d6780000)
  from space 1536K, 97% used [0x00000000d6800000,0x00000000d6978190,0x00000000d6980000)
  to   space 4608K, 0% used [0x00000000d6c00000,0x00000000d6c00000,0x00000000d7080000)
 ParOldGen       total 68608K, used 49871K [0x0000000080000000, 0x0000000084300000, 0x00000000d5580000)
  object space 68608K, 72% used [0x0000000080000000,0x00000000830b3e78,0x0000000084300000)
 Metaspace       used 68156K, committed 69632K, reserved 1114112K
  class space    used 7268K, committed 7872K, reserved 1048576K
}
Event: 64.077 GC heap before
{Heap before GC invocations=47 (full 3):
 PSYoungGen      total 19968K, used 19936K [0x00000000d5580000, 0x00000000d7080000, 0x0000000100000000)
  eden space 18432K, 100% used [0x00000000d5580000,0x00000000d6780000,0x00000000d6780000)
  from space 1536K, 97% used [0x00000000d6800000,0x00000000d6978190,0x00000000d6980000)
  to   space 4608K, 0% used [0x00000000d6c00000,0x00000000d6c00000,0x00000000d7080000)
 ParOldGen       total 68608K, used 49871K [0x0000000080000000, 0x0000000084300000, 0x00000000d5580000)
  object space 68608K, 72% used [0x0000000080000000,0x00000000830b3e78,0x0000000084300000)
 Metaspace       used 68390K, committed 69824K, reserved 1114112K
  class space    used 7270K, committed 7872K, reserved 1048576K
}
Event: 64.079 GC heap after
{Heap after GC invocations=47 (full 3):
 PSYoungGen      total 19456K, used 866K [0x00000000d5580000, 0x00000000d6d00000, 0x0000000100000000)
  eden space 18432K, 0% used [0x00000000d5580000,0x00000000d5580000,0x00000000d6780000)
  from space 1024K, 84% used [0x00000000d6c00000,0x00000000d6cd8988,0x00000000d6d00000)
  to   space 2048K, 0% used [0x00000000d6900000,0x00000000d6900000,0x00000000d6b00000)
 ParOldGen       total 68608K, used 50364K [0x0000000080000000, 0x0000000084300000, 0x00000000d5580000)
  object space 68608K, 73% used [0x0000000080000000,0x000000008312f0a0,0x0000000084300000)
 Metaspace       used 68390K, committed 69824K, reserved 1114112K
  class space    used 7270K, committed 7872K, reserved 1048576K
}
Event: 64.356 GC heap before
{Heap before GC invocations=48 (full 3):
 PSYoungGen      total 19456K, used 19298K [0x00000000d5580000, 0x00000000d6d00000, 0x0000000100000000)
  eden space 18432K, 100% used [0x00000000d5580000,0x00000000d6780000,0x00000000d6780000)
  from space 1024K, 84% used [0x00000000d6c00000,0x00000000d6cd8988,0x00000000d6d00000)
  to   space 2048K, 0% used [0x00000000d6900000,0x00000000d6900000,0x00000000d6b00000)
 ParOldGen       total 68608K, used 50364K [0x0000000080000000, 0x0000000084300000, 0x00000000d5580000)
  object space 68608K, 73% used [0x0000000080000000,0x000000008312f0a0,0x0000000084300000)
 Metaspace       used 68590K, committed 70016K, reserved 1114112K
  class space    used 7277K, committed 7872K, reserved 1048576K
}
Event: 64.358 GC heap after
{Heap after GC invocations=48 (full 3):
 PSYoungGen      total 20480K, used 1776K [0x00000000d5580000, 0x00000000d6c80000, 0x0000000100000000)
  eden space 18432K, 0% used [0x00000000d5580000,0x00000000d5580000,0x00000000d6780000)
  from space 2048K, 86% used [0x00000000d6900000,0x00000000d6abc010,0x00000000d6b00000)
  to   space 1536K, 0% used [0x00000000d6b00000,0x00000000d6b00000,0x00000000d6c80000)
 ParOldGen       total 68608K, used 50992K [0x0000000080000000, 0x0000000084300000, 0x00000000d5580000)
  object space 68608K, 74% used [0x0000000080000000,0x00000000831cc2c0,0x0000000084300000)
 Metaspace       used 68590K, committed 70016K, reserved 1114112K
  class space    used 7277K, committed 7872K, reserved 1048576K
}
Event: 64.641 GC heap before
{Heap before GC invocations=49 (full 3):
 PSYoungGen      total 20480K, used 20208K [0x00000000d5580000, 0x00000000d6c80000, 0x0000000100000000)
  eden space 18432K, 100% used [0x00000000d5580000,0x00000000d6780000,0x00000000d6780000)
  from space 2048K, 86% used [0x00000000d6900000,0x00000000d6abc010,0x00000000d6b00000)
  to   space 1536K, 0% used [0x00000000d6b00000,0x00000000d6b00000,0x00000000d6c80000)
 ParOldGen       total 68608K, used 50992K [0x0000000080000000, 0x0000000084300000, 0x00000000d5580000)
  object space 68608K, 74% used [0x0000000080000000,0x00000000831cc2c0,0x0000000084300000)
 Metaspace       used 68727K, committed 70144K, reserved 1114112K
  class space    used 7277K, committed 7872K, reserved 1048576K
}
Event: 64.645 GC heap after
{Heap after GC invocations=49 (full 3):
 PSYoungGen      total 18944K, used 352K [0x00000000d5580000, 0x00000000d6b80000, 0x0000000100000000)
  eden space 18432K, 0% used [0x00000000d5580000,0x00000000d5580000,0x00000000d6780000)
  from space 512K, 68% used [0x00000000d6b00000,0x00000000d6b58000,0x00000000d6b80000)
  to   space 1024K, 0% used [0x00000000d6980000,0x00000000d6980000,0x00000000d6a80000)
 ParOldGen       total 68608K, used 52400K [0x0000000080000000, 0x0000000084300000, 0x00000000d5580000)
  object space 68608K, 76% used [0x0000000080000000,0x000000008332c310,0x0000000084300000)
 Metaspace       used 68727K, committed 70144K, reserved 1114112K
  class space    used 7277K, committed 7872K, reserved 1048576K
}
Event: 348.093 GC heap before
{Heap before GC invocations=50 (full 3):
 PSYoungGen      total 18944K, used 18784K [0x00000000d5580000, 0x00000000d6b80000, 0x0000000100000000)
  eden space 18432K, 100% used [0x00000000d5580000,0x00000000d6780000,0x00000000d6780000)
  from space 512K, 68% used [0x00000000d6b00000,0x00000000d6b58000,0x00000000d6b80000)
  to   space 1024K, 0% used [0x00000000d6980000,0x00000000d6980000,0x00000000d6a80000)
 ParOldGen       total 68608K, used 52400K [0x0000000080000000, 0x0000000084300000, 0x00000000d5580000)
  object space 68608K, 76% used [0x0000000080000000,0x000000008332c310,0x0000000084300000)
 Metaspace       used 68912K, committed 70272K, reserved 1114112K
  class space    used 7290K, committed 7872K, reserved 1048576K
}
Event: 348.094 GC heap after
{Heap after GC invocations=50 (full 3):
 PSYoungGen      total 19456K, used 320K [0x00000000d5580000, 0x00000000d6b80000, 0x0000000100000000)
  eden space 18432K, 0% used [0x00000000d5580000,0x00000000d5580000,0x00000000d6780000)
  from space 1024K, 31% used [0x00000000d6980000,0x00000000d69d0000,0x00000000d6a80000)
  to   space 512K, 0% used [0x00000000d6b00000,0x00000000d6b00000,0x00000000d6b80000)
 ParOldGen       total 68608K, used 52501K [0x0000000080000000, 0x0000000084300000, 0x00000000d5580000)
  object space 68608K, 76% used [0x0000000080000000,0x0000000083345680,0x0000000084300000)
 Metaspace       used 68912K, committed 70272K, reserved 1114112K
  class space    used 7290K, committed 7872K, reserved 1048576K
}
Event: 612.560 GC heap before
{Heap before GC invocations=51 (full 3):
 PSYoungGen      total 19456K, used 18752K [0x00000000d5580000, 0x00000000d6b80000, 0x0000000100000000)
  eden space 18432K, 100% used [0x00000000d5580000,0x00000000d6780000,0x00000000d6780000)
  from space 1024K, 31% used [0x00000000d6980000,0x00000000d69d0000,0x00000000d6a80000)
  to   space 512K, 0% used [0x00000000d6b00000,0x00000000d6b00000,0x00000000d6b80000)
 ParOldGen       total 68608K, used 52501K [0x0000000080000000, 0x0000000084300000, 0x00000000d5580000)
  object space 68608K, 76% used [0x0000000080000000,0x0000000083345680,0x0000000084300000)
 Metaspace       used 69255K, committed 70720K, reserved 1114112K
  class space    used 7317K, committed 7936K, reserved 1048576K
}
Event: 612.561 GC heap after
{Heap after GC invocations=51 (full 3):
 PSYoungGen      total 18944K, used 320K [0x00000000d5580000, 0x00000000d6b80000, 0x0000000100000000)
  eden space 18432K, 0% used [0x00000000d5580000,0x00000000d5580000,0x00000000d6780000)
  from space 512K, 62% used [0x00000000d6b00000,0x00000000d6b50000,0x00000000d6b80000)
  to   space 512K, 0% used [0x00000000d6a80000,0x00000000d6a80000,0x00000000d6b00000)
 ParOldGen       total 68608K, used 52605K [0x0000000080000000, 0x0000000084300000, 0x00000000d5580000)
  object space 68608K, 76% used [0x0000000080000000,0x000000008335f680,0x0000000084300000)
 Metaspace       used 69255K, committed 70720K, reserved 1114112K
  class space    used 7317K, committed 7936K, reserved 1048576K
}
Event: 1348.159 GC heap before
{Heap before GC invocations=52 (full 3):
 PSYoungGen      total 18944K, used 18752K [0x00000000d5580000, 0x00000000d6b80000, 0x0000000100000000)
  eden space 18432K, 100% used [0x00000000d5580000,0x00000000d6780000,0x00000000d6780000)
  from space 512K, 62% used [0x00000000d6b00000,0x00000000d6b50000,0x00000000d6b80000)
  to   space 512K, 0% used [0x00000000d6a80000,0x00000000d6a80000,0x00000000d6b00000)
 ParOldGen       total 68608K, used 52605K [0x0000000080000000, 0x0000000084300000, 0x00000000d5580000)
  object space 68608K, 76% used [0x0000000080000000,0x000000008335f680,0x0000000084300000)
 Metaspace       used 69376K, committed 70784K, reserved 1114112K
  class space    used 7317K, committed 7936K, reserved 1048576K
}
Event: 1348.161 GC heap after
{Heap after GC invocations=52 (full 3):
 PSYoungGen      total 18944K, used 496K [0x00000000d5580000, 0x00000000d6b80000, 0x0000000100000000)
  eden space 18432K, 0% used [0x00000000d5580000,0x00000000d5580000,0x00000000d6780000)
  from space 512K, 96% used [0x00000000d6a80000,0x00000000d6afc010,0x00000000d6b00000)
  to   space 512K, 0% used [0x00000000d6b00000,0x00000000d6b00000,0x00000000d6b80000)
 ParOldGen       total 68608K, used 52741K [0x0000000080000000, 0x0000000084300000, 0x00000000d5580000)
  object space 68608K, 76% used [0x0000000080000000,0x0000000083381680,0x0000000084300000)
 Metaspace       used 69376K, committed 70784K, reserved 1114112K
  class space    used 7317K, committed 7936K, reserved 1048576K
}
Event: 1954.959 GC heap before
{Heap before GC invocations=53 (full 3):
 PSYoungGen      total 18944K, used 18928K [0x00000000d5580000, 0x00000000d6b80000, 0x0000000100000000)
  eden space 18432K, 100% used [0x00000000d5580000,0x00000000d6780000,0x00000000d6780000)
  from space 512K, 96% used [0x00000000d6a80000,0x00000000d6afc010,0x00000000d6b00000)
  to   space 512K, 0% used [0x00000000d6b00000,0x00000000d6b00000,0x00000000d6b80000)
 ParOldGen       total 68608K, used 52741K [0x0000000080000000, 0x0000000084300000, 0x00000000d5580000)
  object space 68608K, 76% used [0x0000000080000000,0x0000000083381680,0x0000000084300000)
 Metaspace       used 69465K, committed 70848K, reserved 1114112K
  class space    used 7318K, committed 7936K, reserved 1048576K
}
Event: 1954.962 GC heap after
{Heap after GC invocations=53 (full 3):
 PSYoungGen      total 18944K, used 494K [0x00000000d5580000, 0x00000000d6b80000, 0x0000000100000000)
  eden space 18432K, 0% used [0x00000000d5580000,0x00000000d5580000,0x00000000d6780000)
  from space 512K, 96% used [0x00000000d6b00000,0x00000000d6b7b9c0,0x00000000d6b80000)
  to   space 1024K, 0% used [0x00000000d6980000,0x00000000d6980000,0x00000000d6a80000)
 ParOldGen       total 68608K, used 52805K [0x0000000080000000, 0x0000000084300000, 0x00000000d5580000)
  object space 68608K, 76% used [0x0000000080000000,0x0000000083391680,0x0000000084300000)
 Metaspace       used 69465K, committed 70848K, reserved 1114112K
  class space    used 7318K, committed 7936K, reserved 1048576K
}

